2021-01-24 16:58:49 [http-nio-9998-exec-6] INFO  c.l.d.w.c.ShipboardArtilleryInformationController-50 -分页舰炮信息，请求入参：【{}，1，10】
2021-01-24 16:58:49 [http-nio-9998-exec-6] DEBUG c.l.d.w.m.S.selectByBean_COUNT-181 -==>  Preparing: select count(0) from ( select shell_code, name, rarity, scale, hit_cardinal, hit_instance, damage, firing_rate, cannonry, ammunition, reformatory, enhanced_upper_limit, way_of_gain, apply from shipboard_artillery_information ) tmp_count 
2021-01-24 16:58:49 [http-nio-9998-exec-6] DEBUG c.l.d.w.m.S.selectByBean_COUNT-181 -==> Parameters: 
2021-01-24 16:58:49 [http-nio-9998-exec-6] DEBUG c.l.d.w.m.S.selectByBean_COUNT-181 -<==      Total: 1
2021-01-24 16:58:49 [http-nio-9998-exec-6] DEBUG c.l.d.w.m.S.selectByBean-181 -==>  Preparing: select shell_code, name, rarity, scale, hit_cardinal, hit_instance, damage, firing_rate, cannonry, ammunition, reformatory, enhanced_upper_limit, way_of_gain, apply from shipboard_artillery_information LIMIT ? 
2021-01-24 16:58:49 [http-nio-9998-exec-6] DEBUG c.l.d.w.m.S.selectByBean-181 -==> Parameters: 10(Integer)
2021-01-24 16:58:49 [http-nio-9998-exec-6] DEBUG c.l.d.w.m.S.selectByBean-181 -<==      Total: 1
2021-01-24 17:04:48 [http-nio-9998-exec-3] INFO  c.l.d.w.c.ShipboardArtilleryInformationController-50 -分页舰炮信息，请求入参：【{}，1，10】
2021-01-24 17:04:49 [http-nio-9998-exec-3] DEBUG c.l.d.w.m.S.selectByBean_COUNT-181 -==>  Preparing: select count(0) from ( select shell_code, name, rarity, scale, hit_cardinal, hit_instance, damage, firing_rate, cannonry, ammunition, reformatory, enhanced_upper_limit, way_of_gain, apply from shipboard_artillery_information ) tmp_count 
2021-01-24 17:04:49 [http-nio-9998-exec-3] DEBUG c.l.d.w.m.S.selectByBean_COUNT-181 -==> Parameters: 
2021-01-24 17:04:49 [http-nio-9998-exec-3] DEBUG c.l.d.w.m.S.selectByBean_COUNT-181 -<==      Total: 1
2021-01-24 17:04:49 [http-nio-9998-exec-3] DEBUG c.l.d.w.m.S.selectByBean-181 -==>  Preparing: select shell_code, name, rarity, scale, hit_cardinal, hit_instance, damage, firing_rate, cannonry, ammunition, reformatory, enhanced_upper_limit, way_of_gain, apply from shipboard_artillery_information LIMIT ? 
2021-01-24 17:04:49 [http-nio-9998-exec-3] DEBUG c.l.d.w.m.S.selectByBean-181 -==> Parameters: 10(Integer)
2021-01-24 17:04:49 [http-nio-9998-exec-3] DEBUG c.l.d.w.m.S.selectByBean-181 -<==      Total: 1
2021-01-24 17:08:32 [http-nio-9998-exec-1] INFO  c.l.d.w.c.ShipboardArtilleryInformationController-50 -分页舰炮信息，请求入参：【{}，1，10】
2021-01-24 17:08:32 [http-nio-9998-exec-1] DEBUG c.l.d.w.m.S.selectByBean_COUNT-181 -==>  Preparing: select count(0) from ( select shell_code, name, rarity, scale, hit_cardinal, hit_instance, damage, firing_rate, cannonry, ammunition, reformatory, enhanced_upper_limit, way_of_gain, apply from shipboard_artillery_information ) tmp_count 
2021-01-24 17:08:32 [http-nio-9998-exec-1] DEBUG c.l.d.w.m.S.selectByBean_COUNT-181 -==> Parameters: 
2021-01-24 17:08:32 [http-nio-9998-exec-1] DEBUG c.l.d.w.m.S.selectByBean_COUNT-181 -<==      Total: 1
2021-01-24 17:08:32 [http-nio-9998-exec-1] DEBUG c.l.d.w.m.S.selectByBean-181 -==>  Preparing: select shell_code, name, rarity, scale, hit_cardinal, hit_instance, damage, firing_rate, cannonry, ammunition, reformatory, enhanced_upper_limit, way_of_gain, apply from shipboard_artillery_information LIMIT ? 
2021-01-24 17:08:32 [http-nio-9998-exec-1] DEBUG c.l.d.w.m.S.selectByBean-181 -==> Parameters: 10(Integer)
2021-01-24 17:08:32 [http-nio-9998-exec-1] DEBUG c.l.d.w.m.S.selectByBean-181 -<==      Total: 1
2021-01-24 17:10:21 [http-nio-9998-exec-7] INFO  c.l.d.w.c.ShipboardArtilleryInformationController-50 -分页舰炮信息，请求入参：【{}，1，10】
2021-01-24 17:10:21 [http-nio-9998-exec-7] DEBUG c.l.d.w.m.S.selectByBean_COUNT-181 -==>  Preparing: select count(0) from ( select shell_code, name, rarity, scale, hit_cardinal, hit_instance, damage, firing_rate, cannonry, ammunition, reformatory, enhanced_upper_limit, way_of_gain, apply from shipboard_artillery_information ) tmp_count 
2021-01-24 17:10:21 [http-nio-9998-exec-7] DEBUG c.l.d.w.m.S.selectByBean_COUNT-181 -==> Parameters: 
2021-01-24 17:10:21 [http-nio-9998-exec-7] DEBUG c.l.d.w.m.S.selectByBean_COUNT-181 -<==      Total: 1
2021-01-24 17:10:21 [http-nio-9998-exec-7] DEBUG c.l.d.w.m.S.selectByBean-181 -==>  Preparing: select shell_code, name, rarity, scale, hit_cardinal, hit_instance, damage, firing_rate, cannonry, ammunition, reformatory, enhanced_upper_limit, way_of_gain, apply from shipboard_artillery_information LIMIT ? 
2021-01-24 17:10:21 [http-nio-9998-exec-7] DEBUG c.l.d.w.m.S.selectByBean-181 -==> Parameters: 10(Integer)
2021-01-24 17:10:21 [http-nio-9998-exec-7] DEBUG c.l.d.w.m.S.selectByBean-181 -<==      Total: 1
2021-01-24 17:20:39 [http-nio-9998-exec-1] INFO  c.l.d.w.c.ShipboardArtilleryInformationController-50 -分页舰炮信息，请求入参：【{}，1，10】
2021-01-24 17:20:40 [http-nio-9998-exec-1] DEBUG c.l.d.w.m.S.selectByBean_COUNT-181 -==>  Preparing: select count(0) from ( select shell_code, name, rarity, scale, hit_cardinal, hit_instance, damage, firing_rate, cannonry, ammunition, reformatory, enhanced_upper_limit, way_of_gain, apply from shipboard_artillery_information ) tmp_count 
2021-01-24 17:20:40 [http-nio-9998-exec-1] DEBUG c.l.d.w.m.S.selectByBean_COUNT-181 -==> Parameters: 
2021-01-24 17:20:40 [http-nio-9998-exec-1] DEBUG c.l.d.w.m.S.selectByBean_COUNT-181 -<==      Total: 1
2021-01-24 17:20:40 [http-nio-9998-exec-1] DEBUG c.l.d.w.m.S.selectByBean-181 -==>  Preparing: select shell_code, name, rarity, scale, hit_cardinal, hit_instance, damage, firing_rate, cannonry, ammunition, reformatory, enhanced_upper_limit, way_of_gain, apply from shipboard_artillery_information LIMIT ? 
2021-01-24 17:20:40 [http-nio-9998-exec-1] DEBUG c.l.d.w.m.S.selectByBean-181 -==> Parameters: 10(Integer)
2021-01-24 17:20:40 [http-nio-9998-exec-1] DEBUG c.l.d.w.m.S.selectByBean-181 -<==      Total: 1
2021-01-24 17:40:34 [http-nio-9998-exec-7] INFO  c.l.d.w.c.ShipboardArtilleryInformationController-50 -分页舰炮信息，请求入参：【{}，1，10】
2021-01-24 17:40:35 [http-nio-9998-exec-7] DEBUG c.l.d.w.m.S.selectByBean_COUNT-181 -==>  Preparing: select count(0) from ( select shell_code, name, rarity, scale, hit_cardinal, hit_instance, damage, firing_rate, cannonry, ammunition, reformatory, enhanced_upper_limit, way_of_gain, apply from shipboard_artillery_information ) tmp_count 
2021-01-24 17:40:35 [http-nio-9998-exec-7] DEBUG c.l.d.w.m.S.selectByBean_COUNT-181 -==> Parameters: 
2021-01-24 17:40:35 [http-nio-9998-exec-7] DEBUG c.l.d.w.m.S.selectByBean_COUNT-181 -<==      Total: 1
2021-01-24 17:40:35 [http-nio-9998-exec-7] DEBUG c.l.d.w.m.S.selectByBean-181 -==>  Preparing: select shell_code, name, rarity, scale, hit_cardinal, hit_instance, damage, firing_rate, cannonry, ammunition, reformatory, enhanced_upper_limit, way_of_gain, apply from shipboard_artillery_information LIMIT ? 
2021-01-24 17:40:35 [http-nio-9998-exec-7] DEBUG c.l.d.w.m.S.selectByBean-181 -==> Parameters: 10(Integer)
2021-01-24 17:40:35 [http-nio-9998-exec-7] DEBUG c.l.d.w.m.S.selectByBean-181 -<==      Total: 1
2021-01-24 17:41:03 [http-nio-9998-exec-9] INFO  c.l.d.w.c.ShipboardArtilleryInformationController-50 -分页舰炮信息，请求入参：【{}，1，10】
2021-01-24 17:41:03 [http-nio-9998-exec-9] DEBUG c.l.d.w.m.S.selectByBean_COUNT-181 -==>  Preparing: select count(0) from ( select shell_code, name, rarity, scale, hit_cardinal, hit_instance, damage, firing_rate, cannonry, ammunition, reformatory, enhanced_upper_limit, way_of_gain, apply from shipboard_artillery_information ) tmp_count 
2021-01-24 17:41:03 [http-nio-9998-exec-9] DEBUG c.l.d.w.m.S.selectByBean_COUNT-181 -==> Parameters: 
2021-01-24 17:41:03 [http-nio-9998-exec-9] DEBUG c.l.d.w.m.S.selectByBean_COUNT-181 -<==      Total: 1
2021-01-24 17:41:03 [http-nio-9998-exec-9] DEBUG c.l.d.w.m.S.selectByBean-181 -==>  Preparing: select shell_code, name, rarity, scale, hit_cardinal, hit_instance, damage, firing_rate, cannonry, ammunition, reformatory, enhanced_upper_limit, way_of_gain, apply from shipboard_artillery_information LIMIT ? 
2021-01-24 17:41:03 [http-nio-9998-exec-9] DEBUG c.l.d.w.m.S.selectByBean-181 -==> Parameters: 10(Integer)
2021-01-24 17:41:03 [http-nio-9998-exec-9] DEBUG c.l.d.w.m.S.selectByBean-181 -<==      Total: 1
2021-01-24 19:33:22 [http-nio-9998-exec-4] INFO  c.l.d.w.c.ShipboardArtilleryInformationController-50 -分页舰炮信息，请求入参：【{}，1，10】
2021-01-24 19:33:23 [http-nio-9998-exec-4] DEBUG c.l.d.w.m.S.selectByBean_COUNT-181 -==>  Preparing: select count(0) from ( select shell_code, name, rarity, scale, hit_cardinal, hit_instance, damage, firing_rate, cannonry, ammunition, reformatory, enhanced_upper_limit, way_of_gain, apply from shipboard_artillery_information ) tmp_count 
2021-01-24 19:33:23 [http-nio-9998-exec-4] DEBUG c.l.d.w.m.S.selectByBean_COUNT-181 -==> Parameters: 
2021-01-24 19:33:23 [http-nio-9998-exec-4] DEBUG c.l.d.w.m.S.selectByBean_COUNT-181 -<==      Total: 1
2021-01-24 19:33:23 [http-nio-9998-exec-4] DEBUG c.l.d.w.m.S.selectByBean-181 -==>  Preparing: select shell_code, name, rarity, scale, hit_cardinal, hit_instance, damage, firing_rate, cannonry, ammunition, reformatory, enhanced_upper_limit, way_of_gain, apply from shipboard_artillery_information LIMIT ? 
2021-01-24 19:33:23 [http-nio-9998-exec-4] DEBUG c.l.d.w.m.S.selectByBean-181 -==> Parameters: 10(Integer)
2021-01-24 19:33:23 [http-nio-9998-exec-4] DEBUG c.l.d.w.m.S.selectByBean-181 -<==      Total: 1
